<?xml version="1.0" encoding="UTF-8"?>
<!-- Generated by org.testng.reporters.JUnitReportReporter -->
<testsuite hostname="DESKTOP-MUEUS88" failures="0" tests="1" name="MavenProject.FirstTest.LoginTest" time="5.848" errors="0" timestamp="18 Jan 2023 00:07:31 GMT">
  <testcase classname="MavenProject.FirstTest.LoginTest" name="ValidLogin" time="5.848"/>
</testsuite> <!-- MavenProject.FirstTest.LoginTest -->
