<?xml version="1.0" encoding="UTF-8"?>
<!-- Generated by org.testng.reporters.JUnitReportReporter -->
<testsuite hostname="DESKTOP-MUEUS88" failures="0" tests="2" name="MavenProject.FirstTest.APITest" time="0.029" errors="0" timestamp="16 Jan 2023 19:44:09 GMT">
  <testcase classname="MavenProject.FirstTest.APITest" name="APIwithSoapUI" time="0.008"/>
  <testcase classname="MavenProject.FirstTest.APITest" name="APIwithPostman" time="0.021"/>
</testsuite> <!-- MavenProject.FirstTest.APITest -->
