<?xml version="1.0" encoding="UTF-8"?>
<!-- Generated by org.testng.reporters.JUnitReportReporter -->
<testsuite hostname="DESKTOP-MUEUS88" failures="0" tests="2" name="MavenProject.FirstTest.AppiumTest" time="0.012" errors="0" timestamp="16 Jan 2023 19:44:09 GMT">
  <testcase classname="MavenProject.FirstTest.AppiumTest" name="LoginwithAndroid" time="0.007"/>
  <testcase classname="MavenProject.FirstTest.AppiumTest" name="LoginwithiOS" time="0.005"/>
</testsuite> <!-- MavenProject.FirstTest.AppiumTest -->
