<?xml version="1.0" encoding="UTF-8"?>
<!-- Generated by org.testng.reporters.JUnitReportReporter -->
<testsuite hostname="DESKTOP-MUEUS88" failures="0" tests="2" name="MavenProject.FirstTest.SeleniumTest" time="0.010" errors="0" timestamp="16 Jan 2023 19:44:09 GMT">
  <testcase classname="MavenProject.FirstTest.SeleniumTest" name="LoginwithBranch" time="0.005"/>
  <testcase classname="MavenProject.FirstTest.SeleniumTest" name="Loginwithweb" time="0.005"/>
</testsuite> <!-- MavenProject.FirstTest.SeleniumTest -->
