<?xml version="1.0" encoding="UTF-8"?>
<!-- Generated by org.testng.reporters.JUnitReportReporter -->
<testsuite hostname="DESKTOP-MUEUS88" failures="0" tests="1" name="MavenProject.FirstTest.LoginTest" time="2.795" errors="0" timestamp="18 Jan 2023 18:33:01 GMT">
  <testcase classname="MavenProject.FirstTest.LoginTest" name="ValidLogin" time="2.795"/>
</testsuite> <!-- MavenProject.FirstTest.LoginTest -->
