<?xml version="1.0" encoding="UTF-8"?>
<!-- Generated by org.testng.reporters.JUnitReportReporter -->
<testsuite hostname="DESKTOP-MUEUS88" name="MavenProject.FirstTest.SeleniumTest" tests="1" failures="0" timestamp="16 Jan 2023 19:58:56 GMT" time="0.001" errors="0">
  <testcase name="LoginwithBranch" time="0.001" classname="MavenProject.FirstTest.SeleniumTest"/>
</testsuite> <!-- MavenProject.FirstTest.SeleniumTest -->
