<?xml version="1.0" encoding="UTF-8"?>
<!-- Generated by org.testng.reporters.JUnitReportReporter -->
<testsuite hostname="DESKTOP-MUEUS88" name="MavenProject.FirstTest.AppiumTest" tests="2" failures="0" timestamp="17 Jan 2023 19:14:37 GMT" time="0.010" errors="0">
  <testcase name="LoginwithAndroid" time="0.008" classname="MavenProject.FirstTest.AppiumTest"/>
  <testcase name="LoginwithiOS" time="0.002" classname="MavenProject.FirstTest.AppiumTest"/>
</testsuite> <!-- MavenProject.FirstTest.AppiumTest -->
