<?xml version="1.0" encoding="UTF-8"?>
<!-- Generated by org.testng.reporters.JUnitReportReporter -->
<testsuite hostname="DESKTOP-MUEUS88" name="MavenProject.FirstTest.SeleniumTest" tests="2" failures="0" timestamp="17 Jan 2023 19:14:37 GMT" time="0.001" errors="0">
  <testcase name="LoginwithBranch" time="0.001" classname="MavenProject.FirstTest.SeleniumTest"/>
  <testcase name="Loginwithweb" time="0.000" classname="MavenProject.FirstTest.SeleniumTest"/>
</testsuite> <!-- MavenProject.FirstTest.SeleniumTest -->
