<?xml version="1.0" encoding="UTF-8"?>
<!-- Generated by org.testng.reporters.JUnitReportReporter -->
<testsuite hostname="DESKTOP-MUEUS88" name="MavenProject.FirstTest.AppiumTest" tests="1" failures="0" timestamp="16 Jan 2023 19:58:56 GMT" time="0.002" errors="0">
  <testcase name="LoginwithiOS" time="0.002" classname="MavenProject.FirstTest.AppiumTest"/>
</testsuite> <!-- MavenProject.FirstTest.AppiumTest -->
