<?xml version="1.0" encoding="UTF-8"?>
<!-- Generated by org.testng.reporters.JUnitReportReporter -->
<testsuite hostname="DESKTOP-MUEUS88" name="MavenProject.FirstTest.APITest" tests="2" failures="0" timestamp="17 Jan 2023 19:14:37 GMT" time="0.030" errors="0">
  <testcase name="APIwithSoapUI" time="0.002" classname="MavenProject.FirstTest.APITest"/>
  <testcase name="APIwithPostman" time="0.028" classname="MavenProject.FirstTest.APITest"/>
</testsuite> <!-- MavenProject.FirstTest.APITest -->
